PRT1
18
33
42
4 0 6 0 (1024 1344 1024 ) (1024 1024 1024 ) (1024 1024 1120 ) (1024 1344 1120 ) 
4 0 2 0 (1024 1024 1120 ) (1024 1024 1024 ) (1648 1024 1024 ) (1648 1024 1120 ) 
4 0 1 0 (1648 1024 1024 ) (1024 1024 1024 ) (1024 1344 1024 ) (1648 1344 1024 ) 
4 1 7 0 (1024 1344 208 ) (1024 1024 208 ) (1024 1024 1024 ) (1024 1344 1024 ) 
4 1 3 0 (1024 1024 1024 ) (1024 1024 208 ) (1648 1024 208 ) (1648 1024 1024 ) 
4 2 8 0 (1024 0 1024 ) (1024 0 1120 ) (1024 1024 1120 ) (1024 1024 1024 ) 
4 2 4 0 (1024 0 1120 ) (1024 0 1024 ) (1648 0 1024 ) (1648 0 1120 ) 
4 2 3 0 (1648 0 1024 ) (1024 0 1024 ) (1024 1024 1024 ) (1648 1024 1024 ) 
4 3 9 0 (1024 0 208 ) (1024 0 1024 ) (1024 1024 1024 ) (1024 1024 208 ) 
4 3 5 0 (1024 0 1024 ) (1024 0 208 ) (1648 0 208 ) (1648 0 1024 ) 
4 4 10 0 (1024 -144 1120 ) (1024 0 1120 ) (1024 0 1024 ) (1024 -144 1024 ) 
4 4 5 0 (1024 -144 1024 ) (1024 0 1024 ) (1648 0 1024 ) (1648 -144 1024 ) 
4 5 11 0 (1024 -144 1024 ) (1024 0 1024 ) (1024 0 208 ) (1024 -144 208 ) 
4 6 12 0 (0 1024 1024 ) (0 1024 1120 ) (0 1344 1120 ) (0 1344 1024 ) 
4 6 8 0 (0 1024 1120 ) (0 1024 1024 ) (1024 1024 1024 ) (1024 1024 1120 ) 
4 6 7 0 (1024 1024 1024 ) (0 1024 1024 ) (0 1344 1024 ) (1024 1344 1024 ) 
4 7 13 0 (0 1024 208 ) (0 1024 1024 ) (0 1344 1024 ) (0 1344 208 ) 
4 7 9 0 (0 1024 1024 ) (0 1024 208 ) (1024 1024 208 ) (1024 1024 1024 ) 
4 8 14 0 (0 0 1024 ) (0 0 1120 ) (0 1024 1120 ) (0 1024 1024 ) 
4 8 10 0 (0 0 1120 ) (0 0 1024 ) (1024 0 1024 ) (1024 0 1120 ) 
4 8 9 0 (1024 0 1024 ) (0 0 1024 ) (0 1024 1024 ) (1024 1024 1024 ) 
4 9 15 0 (0 0 208 ) (0 0 1024 ) (0 1024 1024 ) (0 1024 208 ) 
4 9 11 0 (0 0 1024 ) (0 0 208 ) (1024 0 208 ) (1024 0 1024 ) 
4 10 16 0 (0 0 1120 ) (0 0 1024 ) (0 -144 1024 ) (0 -144 1120 ) 
4 10 11 0 (0 -144 1024 ) (0 0 1024 ) (1024 0 1024 ) (1024 -144 1024 ) 
4 11 17 0 (0 -144 1024 ) (0 0 1024 ) (0 0 208 ) (0 -144 208 ) 
4 12 14 0 (0 1024 1024 ) (0 1024 1120 ) (-96 1024 1120 ) (-96 1024 1024 ) 
4 12 13 0 (0 1024 1024 ) (-96 1024 1024 ) (-96 1344 1024 ) (0 1344 1024 ) 
4 13 15 0 (0 1024 208 ) (0 1024 1024 ) (-96 1024 1024 ) (-96 1024 208 ) 
4 14 16 0 (-96 0 1024 ) (0 0 1024 ) (0 0 1120 ) (-96 0 1120 ) 
4 14 15 0 (0 0 1024 ) (-96 0 1024 ) (-96 1024 1024 ) (0 1024 1024 ) 
4 15 17 0 (-96 0 208 ) (0 0 208 ) (0 0 1024 ) (-96 0 1024 ) 
4 16 17 0 (-96 0 1024 ) (0 0 1024 ) (0 -144 1024 ) (-96 -144 1024 ) 
4 0 (1024 1344 1120 ) (1648 1344 1120 ) (1648 1344 1024 ) (1024 1344 1024 ) 
4 0 (1648 1344 1120 ) (1024 1344 1120 ) (1024 1024 1120 ) (1648 1024 1120 ) 
4 0 (1648 1024 1120 ) (1648 1024 1024 ) (1648 1344 1024 ) (1648 1344 1120 ) 
4 1 (1648 1344 208 ) (1648 1024 208 ) (1024 1024 208 ) (1024 1344 208 ) 
4 1 (1648 1344 208 ) (1648 1344 1024 ) (1648 1024 1024 ) (1648 1024 208 ) 
4 1 (1024 1344 1024 ) (1648 1344 1024 ) (1648 1344 208 ) (1024 1344 208 ) 
4 2 (1648 1024 1120 ) (1024 1024 1120 ) (1024 0 1120 ) (1648 0 1120 ) 
4 2 (1648 1024 1120 ) (1648 0 1120 ) (1648 0 1024 ) (1648 1024 1024 ) 
4 3 (1648 1024 208 ) (1648 1024 1024 ) (1648 0 1024 ) (1648 0 208 ) 
4 3 (1024 1024 208 ) (1648 1024 208 ) (1648 0 208 ) (1024 0 208 ) 
4 4 (1648 -144 1120 ) (1648 0 1120 ) (1024 0 1120 ) (1024 -144 1120 ) 
4 4 (1648 -144 1120 ) (1648 -144 1024 ) (1648 0 1024 ) (1648 0 1120 ) 
4 4 (1024 -144 1024 ) (1648 -144 1024 ) (1648 -144 1120 ) (1024 -144 1120 ) 
4 5 (1024 -144 208 ) (1648 -144 208 ) (1648 -144 1024 ) (1024 -144 1024 ) 
4 5 (1024 -144 208 ) (1024 0 208 ) (1648 0 208 ) (1648 -144 208 ) 
4 5 (1648 0 1024 ) (1648 -144 1024 ) (1648 -144 208 ) (1648 0 208 ) 
4 6 (1024 1344 1120 ) (0 1344 1120 ) (0 1024 1120 ) (1024 1024 1120 ) 
4 6 (0 1344 1120 ) (1024 1344 1120 ) (1024 1344 1024 ) (0 1344 1024 ) 
4 7 (0 1344 208 ) (0 1344 1024 ) (1024 1344 1024 ) (1024 1344 208 ) 
4 7 (1024 1024 208 ) (0 1024 208 ) (0 1344 208 ) (1024 1344 208 ) 
4 8 (1024 1024 1120 ) (0 1024 1120 ) (0 0 1120 ) (1024 0 1120 ) 
4 9 (1024 0 208 ) (0 0 208 ) (0 1024 208 ) (1024 1024 208 ) 
4 10 (0 -144 1120 ) (0 -144 1024 ) (1024 -144 1024 ) (1024 -144 1120 ) 
4 10 (1024 0 1120 ) (0 0 1120 ) (0 -144 1120 ) (1024 -144 1120 ) 
4 11 (0 -144 208 ) (0 0 208 ) (1024 0 208 ) (1024 -144 208 ) 
4 11 (0 -144 208 ) (1024 -144 208 ) (1024 -144 1024 ) (0 -144 1024 ) 
4 12 (0 1344 1120 ) (-96 1344 1120 ) (-96 1024 1120 ) (0 1024 1120 ) 
4 12 (-96 1344 1024 ) (-96 1024 1024 ) (-96 1024 1120 ) (-96 1344 1120 ) 
4 12 (0 1344 1024 ) (-96 1344 1024 ) (-96 1344 1120 ) (0 1344 1120 ) 
4 13 (-96 1344 1024 ) (0 1344 1024 ) (0 1344 208 ) (-96 1344 208 ) 
4 13 (0 1024 208 ) (-96 1024 208 ) (-96 1344 208 ) (0 1344 208 ) 
4 13 (-96 1344 1024 ) (-96 1344 208 ) (-96 1024 208 ) (-96 1024 1024 ) 
4 14 (-96 1024 1120 ) (-96 1024 1024 ) (-96 0 1024 ) (-96 0 1120 ) 
4 14 (0 1024 1120 ) (-96 1024 1120 ) (-96 0 1120 ) (0 0 1120 ) 
4 15 (0 0 208 ) (-96 0 208 ) (-96 1024 208 ) (0 1024 208 ) 
4 15 (-96 1024 208 ) (-96 0 208 ) (-96 0 1024 ) (-96 1024 1024 ) 
4 16 (-96 0 1024 ) (-96 -144 1024 ) (-96 -144 1120 ) (-96 0 1120 ) 
4 16 (-96 -144 1120 ) (0 -144 1120 ) (0 0 1120 ) (-96 0 1120 ) 
4 16 (-96 -144 1120 ) (-96 -144 1024 ) (0 -144 1024 ) (0 -144 1120 ) 
4 17 (0 -144 208 ) (-96 -144 208 ) (-96 0 208 ) (0 0 208 ) 
4 17 (0 -144 208 ) (0 -144 1024 ) (-96 -144 1024 ) (-96 -144 208 ) 
4 17 (-96 0 208 ) (-96 -144 208 ) (-96 -144 1024 ) (-96 0 1024 ) 
