  2:21 ------------------------------------------------------------
  2:21 InitGame: \capturelimit\8\g_maxGameClients\0\gamename\baseq3\bot_minplayers\0\sv_floodProtect\1\sv_maxRate\0\sv_maxclients\8\sv_hostname\noname\sv_privateClients\0\mapname\q3ctf1\protocol\43\g_gametype\0\timelimit\0\fraglimit\10\dmflags\0\version\Q3 1.11 win-x86 Nov 21 1999
  2:21 ClientConnect: 0
  2:21 ClientUserinfoChanged: 0 n\Xaero\t\0\model\xaero\c1\4\hc\70\w\0\l\0\skill\2
  2:21 ClientBegin: 0
  2:21 ClientConnect: 1
  2:21 ClientUserinfoChanged: 1 n\UnnamedPlayer\t\0\model\sarge\c1\4\hc\100\w\0\l\0
  2:22 ClientBegin: 1
  2:25 Item: 0 item_armor_body
  2:27 ShutdownGame:
  2:27 ------------------------------------------------------------
  2:27 ------------------------------------------------------------
  2:27 InitGame: \capturelimit\8\g_maxGameClients\0\gamename\baseq3\bot_minplayers\0\sv_floodProtect\1\sv_maxRate\0\sv_maxclients\8\sv_hostname\noname\sv_privateClients\0\mapname\q3ctf2\protocol\43\g_gametype\0\timelimit\0\fraglimit\10\dmflags\0\version\Q3 1.11 win-x86 Nov 21 1999
  2:27 ClientConnect: 0
  2:27 ClientUserinfoChanged: 0 n\Xaero\t\0\model\xaero\c1\4\hc\70\w\0\l\0\skill\2
  2:27 ClientBegin: 0
  2:27 ClientConnect: 1
  2:27 ClientUserinfoChanged: 1 n\UnnamedPlayer\t\0\model\sarge\c1\4\hc\100\w\0\l\0
  2:27 ClientBegin: 1
  2:33 Item: 0 weapon_shotgun
  2:33 ShutdownGame:
  2:33 ------------------------------------------------------------
  2:33 ------------------------------------------------------------
  2:33 InitGame: \capturelimit\8\g_maxGameClients\0\gamename\baseq3\bot_minplayers\0\sv_floodProtect\1\sv_maxRate\0\sv_maxclients\8\sv_hostname\noname\sv_privateClients\0\mapname\q3ctf3\protocol\43\g_gametype\0\timelimit\0\fraglimit\10\dmflags\0\version\Q3 1.11 win-x86 Nov 21 1999
  2:34 ClientConnect: 0
  2:34 ClientUserinfoChanged: 0 n\Xaero\t\0\model\xaero\c1\4\hc\70\w\0\l\0\skill\2
  2:34 ClientBegin: 0
  2:34 ClientConnect: 1
  2:34 ClientUserinfoChanged: 1 n\UnnamedPlayer\t\0\model\sarge\c1\4\hc\100\w\0\l\0
  2:34 ClientBegin: 1
  2:36 Item: 0 ammo_rockets
  2:41 ShutdownGame:
  2:41 ------------------------------------------------------------
  2:41 ------------------------------------------------------------
  2:41 InitGame: \capturelimit\8\g_maxGameClients\0\gamename\baseq3\bot_minplayers\0\sv_floodProtect\1\sv_maxRate\0\sv_maxclients\8\sv_hostname\noname\sv_privateClients\0\mapname\q3ctf4\protocol\43\g_gametype\0\timelimit\0\fraglimit\10\dmflags\0\version\Q3 1.11 win-x86 Nov 21 1999
  2:41 ClientConnect: 0
  2:41 ClientUserinfoChanged: 0 n\Xaero\t\0\model\xaero\c1\4\hc\70\w\0\l\0\skill\2
  2:41 Item: 0 ammo_shells
  2:41 Item: 0 weapon_shotgun
  2:41 Item: 0 ammo_bullets
  2:41 Item: 0 ammo_bullets
  2:41 ClientBegin: 0
  2:41 ClientConnect: 1
  2:41 ClientUserinfoChanged: 1 n\UnnamedPlayer\t\0\model\sarge\c1\4\hc\100\w\0\l\0
  2:42 Item: 1 ammo_shells
  2:42 Item: 1 weapon_shotgun
  2:42 Item: 1 ammo_bullets
  2:42 Item: 1 ammo_bullets
  2:42 ClientBegin: 1
  2:44 ShutdownGame:
  2:44 ------------------------------------------------------------
